c:\users\stud_math\documents\visual studio 2012\projects\асд\laba13\laba13\debug\vc110.pdb
c:\users\stud_math\documents\visual studio 2012\projects\асд\laba13\laba13\debug\source.obj
c:\users\stud_math\documents\visual studio 2012\projects\асд\laba13\debug\laba13.ilk
c:\users\stud_math\documents\visual studio 2012\projects\асд\laba13\debug\laba13.exe
c:\users\stud_math\documents\visual studio 2012\projects\асд\laba13\debug\laba13.pdb
g:\вуз\c++\laba13\laba13\debug\source.obj
g:\вуз\c++\laba13\laba13\debug\cl.command.1.tlog
g:\вуз\c++\laba13\laba13\debug\cl.read.1.tlog
g:\вуз\c++\laba13\laba13\debug\cl.write.1.tlog
g:\вуз\c++\laba13\laba13\debug\link-cvtres.read.1.tlog
g:\вуз\c++\laba13\laba13\debug\link-cvtres.write.1.tlog
g:\вуз\c++\laba13\laba13\debug\link-rc.read.1.tlog
g:\вуз\c++\laba13\laba13\debug\link-rc.write.1.tlog
g:\вуз\c++\laba13\laba13\debug\link.command.1.tlog
g:\вуз\c++\laba13\laba13\debug\link.read.1.tlog
g:\вуз\c++\laba13\laba13\debug\link.write.1.tlog
g:\вуз\c++\laba13\laba13\debug\vc110.idb
g:\вуз\c++\laba13\laba13\debug\vc110.pdb
g:\вуз\c++\laba13\debug\laba13.pdb
g:\вуз\c++\laba13\debug\laba13.exe
g:\вуз\c++\laba13\debug\laba13.ilk
