e:\вуз\c++\laba1\laba1\debug\vc110.pdb
e:\вуз\c++\laba1\laba1\debug\1.obj
e:\вуз\c++\laba1\debug\laba1.ilk
e:\вуз\c++\laba1\debug\laba1.exe
e:\вуз\c++\laba1\debug\laba1.pdb
f:\вуз\c++\laba1\laba1\debug\vc120.pdb
f:\вуз\c++\laba1\laba1\debug\vc120.idb
f:\вуз\c++\laba1\laba1\debug\1.obj
f:\вуз\c++\laba1\debug\laba1.ilk
f:\вуз\c++\laba1\debug\laba1.exe
f:\вуз\c++\laba1\debug\laba1.pdb
f:\вуз\c++\laba1\laba1\debug\cl.command.1.tlog
f:\вуз\c++\laba1\laba1\debug\cl.read.1.tlog
f:\вуз\c++\laba1\laba1\debug\link-cvtres.read.1.tlog
f:\вуз\c++\laba1\laba1\debug\link-cvtres.write.1.tlog
f:\вуз\c++\laba1\laba1\debug\link-rc.read.1.tlog
f:\вуз\c++\laba1\laba1\debug\link-rc.write.1.tlog
f:\вуз\c++\laba1\laba1\debug\link.command.1.tlog
f:\вуз\c++\laba1\laba1\debug\link.3940-rc.read.1.tlog
f:\вуз\c++\laba1\laba1\debug\link.3940-rc.write.1.tlog
f:\вуз\c++\laba1\laba1\debug\link.3940-cvtres.read.1.tlog
f:\вуз\c++\laba1\laba1\debug\link.3940-cvtres.write.1.tlog
f:\вуз\c++\laba1\laba1\debug\link.read.1.tlog
f:\вуз\c++\laba1\laba1\debug\link.3940.read.1.tlog
f:\вуз\c++\laba1\laba1\debug\cl.write.1.tlog
f:\вуз\c++\laba1\laba1\debug\link.3940.write.1.tlog
f:\вуз\c++\laba1\laba1\debug\link.write.1.tlog
f:\вуз\c++\laba1\laba1\debug\link.6188-rc.read.1.tlog
f:\вуз\c++\laba1\laba1\debug\link.6188-rc.write.1.tlog
f:\вуз\c++\laba1\laba1\debug\link.6188-cvtres.read.1.tlog
f:\вуз\c++\laba1\laba1\debug\link.6188-cvtres.write.1.tlog
f:\вуз\c++\laba1\laba1\debug\link.6188.read.1.tlog
f:\вуз\c++\laba1\laba1\debug\link.6188.write.1.tlog
f:\вуз\c++\laba1\laba1\debug\link.6696-rc.read.1.tlog
f:\вуз\c++\laba1\laba1\debug\link.6696-rc.write.1.tlog
f:\вуз\c++\laba1\laba1\debug\link.6696-cvtres.read.1.tlog
f:\вуз\c++\laba1\laba1\debug\link.6696-cvtres.write.1.tlog
f:\вуз\c++\laba1\laba1\debug\link.6696.read.1.tlog
f:\вуз\c++\laba1\laba1\debug\link.6696.write.1.tlog
f:\вуз\c++\laba1\laba1\debug\vc110.idb
f:\вуз\c++\laba1\laba1\debug\vc110.pdb
f:\вуз\c++\laba1\laba1\debug\laba1.tlog\cl.read.1.tlog
f:\вуз\c++\laba1\laba1\debug\laba1.tlog\cl.write.1.tlog
f:\вуз\c++\laba1\laba1\debug\laba1.tlog\cl.command.1.tlog
f:\вуз\c++\laba1\laba1\debug\laba1.tlog\link.read.1.tlog
f:\вуз\c++\laba1\laba1\debug\laba1.tlog\link.command.1.tlog
f:\вуз\c++\laba1\laba1\debug\laba1.tlog\link.write.1.tlog
